<?xml version="1.0" encoding="UTF-8"?>
<!-- Generated by org.testng.reporters.JUnitXMLReporter -->
<testsuite hostname="Ayush-Sharma-LP" ignored="2" tests="2" failures="0" timestamp="2023-07-04T15:39:52 IST" time="0.008" errors="0">
  <testcase name="Bigfish" time="0.002" classname="Day2"/>
  <testcase name="MHK" time="0.002" classname="Day2"/>
  <testcase name="MHKfck" time="0.0" classname="Day3">
    <ignored/>
  </testcase> <!-- MHKfck -->
  <testcase name="Bigfish" time="0.0" classname="Day3">
    <ignored/>
  </testcase> <!-- Bigfish -->
</testsuite>
