<?xml version="1.0" encoding="UTF-8"?>
<!-- Generated by org.testng.reporters.JUnitXMLReporter -->
<testsuite hostname="Ayush-Sharma-LP" ignored="1" tests="3" failures="0" timestamp="2023-07-05T11:06:49 IST" time="0.012" errors="0">
  <testcase name="Bigfish" time="0.001" classname="Day3"/>
  <testcase name="Bigfish" time="0.002" classname="Day2"/>
  <testcase name="MHK" time="0.001" classname="Day2"/>
  <testcase name="MHKfck" time="0.0" classname="Day3">
    <ignored/>
  </testcase> <!-- MHKfck -->
</testsuite>
