<?xml version="1.0" encoding="UTF-8"?>
<!-- Generated by org.testng.reporters.JUnitXMLReporter -->
<testsuite ignored="4" hostname="Ayush-Sharma-LP" failures="0" tests="3" name="Test" time="0.085" errors="0" timestamp="2023-07-11T22:46:12 IST">
  <testcase classname="Tetngintro" name="Demo" time="0.01"/>
  <testcase classname="Day3" name="MHKfck" time="0.004"/>
  <testcase classname="Day1" name="second" time="0.004"/>
  <testcase classname="Day1" name="help" time="0.0">
    <ignored/>
  </testcase> <!-- help -->
  <testcase classname="Tetngintro" name="Shefo" time="0.0">
    <ignored/>
  </testcase> <!-- Shefo -->
  <testcase classname="Day3" name="Bigfish" time="0.0">
    <ignored/>
  </testcase> <!-- Bigfish -->
  <testcase classname="Day1" name="yourlowerone" time="0.0">
    <ignored/>
  </testcase> <!-- yourlowerone -->
</testsuite> <!-- Test -->
